Traceback (most recent call last):
  File "/home/dkeathley/anaconda3/lib/python3.8/site-packages/jupyter_cache/executors/utils.py", line 51, in single_nb_execution
    executenb(
  File "/home/dkeathley/anaconda3/lib/python3.8/site-packages/nbclient/client.py", line 1204, in execute
    return NotebookClient(nb=nb, resources=resources, km=km, **kwargs).execute()
  File "/home/dkeathley/anaconda3/lib/python3.8/site-packages/nbclient/util.py", line 84, in wrapped
    return just_run(coro(*args, **kwargs))
  File "/home/dkeathley/anaconda3/lib/python3.8/site-packages/nbclient/util.py", line 62, in just_run
    return loop.run_until_complete(coro)
  File "/home/dkeathley/anaconda3/lib/python3.8/asyncio/base_events.py", line 616, in run_until_complete
    return future.result()
  File "/home/dkeathley/anaconda3/lib/python3.8/site-packages/nbclient/client.py", line 663, in async_execute
    await self.async_execute_cell(
  File "/home/dkeathley/anaconda3/lib/python3.8/site-packages/nbclient/client.py", line 965, in async_execute_cell
    await self._check_raise_for_error(cell, cell_index, exec_reply)
  File "/home/dkeathley/anaconda3/lib/python3.8/site-packages/nbclient/client.py", line 862, in _check_raise_for_error
    raise CellExecutionError.from_cell_and_msg(cell, exec_reply_content)
nbclient.exceptions.CellExecutionError: An error occurred while executing the following cell:
------------------
# RUN ME

# Establish VNA connection
# note: remember to communicate with the VNA, the GUI must be running

# Create the control instance
vna = libreVNA('localhost', 19542)

# Quick connection check (should print "LibreVNA-GUI")
print(vna.query("*IDN?"))

# Make sure we are connecting to a device (just to be sure, with default settings the LibreVNA-GUI auto-connects)
vna.cmd(":DEV:CONN")
dev = vna.query(":DEV:CONN?")
if dev == "Not connected":
    print("Not connected to any device, aborting")
    exit(-1)
else:
    print("Connected to "+dev)
------------------

[0;31m---------------------------------------------------------------------------[0m
[0;31mConnectionRefusedError[0m                    Traceback (most recent call last)
[0;32m~/Dropbox (MIT)/org/PROJECT-ATTACHMENTS/work/JUPYTER-BOOK-6.2410-laboratory-in-quantum-systems-engineering-2022-10-26-06-59/quNV-Jupyter/libreVNA.py[0m in [0;36m__init__[0;34m(self, host, port)[0m
[1;32m     71[0m         [0;32mtry[0m[0;34m:[0m[0;34m[0m[0;34m[0m[0m
[0;32m---> 72[0;31m             [0mself[0m[0;34m.[0m[0msock[0m[0;34m.[0m[0mconnect[0m[0;34m([0m[0;34m([0m[0mhost[0m[0;34m,[0m [0mport[0m[0;34m)[0m[0;34m)[0m[0;34m[0m[0;34m[0m[0m
[0m[1;32m     73[0m         [0;32mexcept[0m[0;34m:[0m[0;34m[0m[0;34m[0m[0m

[0;31mConnectionRefusedError[0m: [Errno 111] Connection refused

During handling of the above exception, another exception occurred:

[0;31mException[0m                                 Traceback (most recent call last)
[0;32m/tmp/ipykernel_3806302/1465159270.py[0m in [0;36m<cell line: 7>[0;34m()[0m
[1;32m      5[0m [0;34m[0m[0m
[1;32m      6[0m [0;31m# Create the control instance[0m[0;34m[0m[0;34m[0m[0;34m[0m[0m
[0;32m----> 7[0;31m [0mvna[0m [0;34m=[0m [0mlibreVNA[0m[0;34m([0m[0;34m'localhost'[0m[0;34m,[0m [0;36m19542[0m[0;34m)[0m[0;34m[0m[0;34m[0m[0m
[0m[1;32m      8[0m [0;34m[0m[0m
[1;32m      9[0m [0;31m# Quick connection check (should print "LibreVNA-GUI")[0m[0;34m[0m[0;34m[0m[0;34m[0m[0m

[0;32m~/Dropbox (MIT)/org/PROJECT-ATTACHMENTS/work/JUPYTER-BOOK-6.2410-laboratory-in-quantum-systems-engineering-2022-10-26-06-59/quNV-Jupyter/libreVNA.py[0m in [0;36m__init__[0;34m(self, host, port)[0m
[1;32m     72[0m             [0mself[0m[0;34m.[0m[0msock[0m[0;34m.[0m[0mconnect[0m[0;34m([0m[0;34m([0m[0mhost[0m[0;34m,[0m [0mport[0m[0;34m)[0m[0;34m)[0m[0;34m[0m[0;34m[0m[0m
[1;32m     73[0m         [0;32mexcept[0m[0;34m:[0m[0;34m[0m[0;34m[0m[0m
[0;32m---> 74[0;31m             [0;32mraise[0m [0mException[0m[0;34m([0m[0;34m"Unable to connect to LibreVNA-GUI. Make sure it is running and the TCP server is enabled."[0m[0;34m)[0m[0;34m[0m[0;34m[0m[0m
[0m[1;32m     75[0m         [0mself[0m[0;34m.[0m[0mreader[0m [0;34m=[0m [0mSocketStreamReader[0m[0;34m([0m[0mself[0m[0;34m.[0m[0msock[0m[0;34m)[0m[0;34m[0m[0;34m[0m[0m
[1;32m     76[0m [0;34m[0m[0m

[0;31mException[0m: Unable to connect to LibreVNA-GUI. Make sure it is running and the TCP server is enabled.
Exception: Unable to connect to LibreVNA-GUI. Make sure it is running and the TCP server is enabled.

